
###### Testing test-int.tu
./tusimple.native < tests/test-int.tu > test-int.tu.ll
./testall.sh: line 63: ./tusimple.native: No such file or directory
###### FAILED

###### Testing fail-int.tu
./tusimple.native < tests/fail-int.tu 2> fail-int.tu.err >> testall.log
diff -b fail-int.tu.err tests/fail-int.tu.err > fail-int.tu.diff
FAILED fail-int.tu.err differs from tests/fail-int.tu.err
###### FAILED
